 reading input parameter from Param.in
  meteorologic parameters
  canopy parameters
  interception parameters
  snow parameters
  leaf parameters affecting PE
  soil parameters
  i1=            1 i2=           13
  flow parameters
  integration specifications
  heat flow
 in\Param.in closed
 in\Climate.in opened
 begin day loop

 date      store  inter   snow   rain    et drain   lat    ep    tp  mbal error
           ------------------------- mm ----------------------------------------
 1. 1.2000  459.  -0.08   0.00    3.0  -0.3  11.4   0.0  -0.2   0.0      -0.304
 2. 1.2000  454.  -0.01   0.00    0.0  -0.1   5.4   0.0  -0.1   0.0      -0.230
 3. 1.2000  456.   0.10   0.00    5.8   0.1   4.5   0.0   0.0   0.0       0.110
 4. 1.2000  460.  -0.07   0.00   10.5  -0.3   6.0   0.0  -0.2   0.0       0.203
 5. 1.2000  455.   0.22   0.00    0.0   0.2   5.6   0.0   0.1   0.0      -0.229
 6. 1.2000  452.   0.01   0.00    1.1   0.0   3.9   0.0   0.0   0.0      -0.170
 7. 1.2000  449.   0.05   0.00    0.0   0.0   3.2   0.0   0.0   0.0      -0.164
 8. 1.2000  447.   0.05   0.00    0.8   0.0   2.7   0.0   0.0   0.0      -0.131
 9. 1.2000  445.   0.00   0.00    0.0   0.0   2.4   0.0   0.0   0.0      -0.129
10. 1.2000  443.   0.00   0.00    0.0  -0.1   2.1   0.0   0.0   0.0      -0.113
11. 1.2000  441.   0.00   0.00    0.0   0.0   1.9   0.0   0.0   0.0      -0.112
12. 1.2000  440.  -0.11   0.00    0.0  -0.2   1.7   0.0  -0.1   0.0      -0.115
13. 1.2000  439.  -0.12   0.00    0.0  -0.2   1.6   0.0  -0.1   0.0      -0.104
14. 1.2000  437.  -0.10   0.00    0.0  -0.3   1.5   0.0  -0.2   0.0      -0.100
15. 1.2000  436.   0.04   0.26    0.7   0.0   1.4   0.0  -0.1   0.0      -0.090
16. 1.2000  437.  -0.12   1.90    3.4  -0.1   1.4   0.0  -0.2   0.0       0.061
17. 1.2000  443.  -0.05   0.00    5.7  -0.4   1.6   0.0  -0.1   0.0       0.127
18. 1.2000  443.   0.16   0.00    2.1   0.2   1.9   0.0   0.0   0.0       0.065
19. 1.2000  441.   0.16   0.00    0.0   0.2   1.8   0.0   0.1   0.0      -0.111
20. 1.2000  443.  -0.02   9.19   13.1   0.0   1.8   0.0   0.0   0.0       0.119

 date      store  inter   snow   rain    et drain   lat    ep    tp  mbal error
           ------------------------- mm ----------------------------------------
21. 1.2000  443.   0.19  12.02    5.5   0.2   1.9   0.0   0.0   0.0       0.073
22. 1.2000  444.  -0.15  22.00   12.3  -0.1   2.0   0.0  -0.3   0.0       0.066
23. 1.2000  442.  -0.07  21.57    0.0   0.1   1.9   0.0  -0.1   0.0      -0.110
24. 1.2000  441.   0.08  21.22    0.0   0.1   1.8   0.0  -0.1   0.0      -0.105
25. 1.2000  440.   0.12  20.87    0.0   0.1   1.7   0.0   0.0   0.0      -0.102
26. 1.2000  438.  -0.09  22.34    1.8  -0.2   1.6   0.0  -0.2   0.0      -0.107
27. 1.2000  437.  -0.18  22.27    0.0  -0.3   1.5   0.0  -0.2   0.0      -0.102
28. 1.2000  436.   0.12  28.26    6.4   0.1   1.4   0.0  -0.1   0.0      -0.094
29. 1.2000  468.   0.01  23.97   46.5  -0.5  20.0   0.0  -0.1   0.0       0.092
30. 1.2000  465.   0.92  13.87    7.3   0.7  19.9   0.0   0.5   0.0      -0.184
31. 1.2000  466.   0.03   1.49    5.7  -0.6  18.2   0.0  -0.1   0.0       0.099
 1. 2.2000  459.   0.17   0.00    0.7   0.0   9.5   0.0   0.3   0.0      -0.277
 2. 2.2000  458.   0.14   0.00    5.7   0.1   6.2   0.0   0.0   0.0      -0.082
 3. 2.2000  453.   0.05   0.00    0.0   0.5   4.8   0.0   0.8   0.0      -0.220
 4. 2.2000  451.   0.13   0.00    2.1   0.4   3.6   0.0   0.5   0.0      -0.147
 5. 2.2000  448.   0.00   0.00    0.0   0.2   3.0   0.0   0.4   0.0      -0.174
 6. 2.2000  449.   0.24   0.00    4.0   0.6   2.8   0.0   0.6   0.0       0.069
 7. 2.2000  450.   0.25   0.00    4.1   0.4   2.9   0.0   0.3   0.0       0.084
 8. 2.2000  454.   0.26   0.00    8.4   0.4   3.5   0.0   0.4   0.0       0.191
 9. 2.2000  452.   0.14   0.00    2.3   0.2   3.8   0.0   0.1   0.0      -0.138

 date      store  inter   snow   rain    et drain   lat    ep    tp  mbal error
           ------------------------- mm ----------------------------------------
10. 2.2000  452.   0.23   0.00    3.9   0.4   3.6   0.0   0.4   0.0      -0.053
11. 2.2000  449.   0.00   0.00    0.0   0.1   3.2   0.0   0.3   0.0      -0.179
12. 2.2000  453.   0.40   2.06   10.1   0.4   3.3   0.0   0.5   0.0       0.191
13. 2.2000  454.   0.04   0.00    2.7  -0.1   4.0   0.0   0.0   0.0       0.078
14. 2.2000  455.   0.41   0.00    6.4   0.4   4.4   0.0   0.3   0.0       0.132
15. 2.2000  454.   0.11   0.00    2.9   0.1   4.4   0.0   0.1   0.0      -0.135
16. 2.2000  455.   0.58   6.00   11.6   0.6   4.2   0.0   0.5   0.0       0.090
17. 2.2000  451.   0.16   9.14    3.8   0.3   3.8   0.0   0.1   0.0      -0.174
18. 2.2000  450.   0.05  18.76   12.0   0.1   3.2   0.0   0.0   0.0      -0.124
19. 2.2000  460.  -0.02  16.89   13.0   0.0   4.8   0.0  -0.1   0.0       0.197
20. 2.2000  455.  -0.03  17.25    0.8   0.1   5.6   0.0  -0.1   0.0      -0.225
21. 2.2000  451.   0.22  17.81    0.9   0.2   3.9   0.0   0.0   0.0      -0.177
22. 2.2000  449.   0.09  18.82    1.4   0.1   3.1   0.0  -0.1   0.0      -0.146
23. 2.2000  451.   0.22  14.33    0.5   0.2   3.0   0.0   0.1   0.0       0.135
24. 2.2000  465.   0.03   8.08   16.5  -0.1   8.1   0.0   0.0   0.0       0.237
25. 2.2000  461.   0.00  12.08   11.1   0.0  11.0   0.0   0.0   0.0      -0.235
26. 2.2000  459.   0.32   7.32    0.1   0.3   7.5   0.0   0.2   0.0      -0.165
27. 2.2000  457.   0.00   2.85    0.0   0.0   6.1   0.0   0.5   0.0      -0.127
28. 2.2000  458.   0.23   0.00    3.9   0.1   5.9   0.0   0.8   0.0       0.090
29. 2.2000  460.   0.26   0.00    8.7   0.5   6.6   0.0   0.5   0.0       0.126

 date      store  inter   snow   rain    et drain   lat    ep    tp  mbal error
           ------------------------- mm ----------------------------------------
 1. 3.2000  455.   0.08   0.00    1.4   0.1   5.7   0.0   0.1   0.0      -0.214
 2. 3.2000  464.   0.30   0.00   17.5   0.3   8.3   0.0   0.4   0.0       0.269
 3. 3.2000  465.   0.05   0.00   17.7   0.0  16.1   0.0   0.1   0.0       0.175
 4. 3.2000  458.   0.18   1.39    2.5   0.2   8.8   0.0   0.1   0.0      -0.282
 5. 3.2000  454.   0.13   2.52    1.8   0.2   4.8   0.0   0.0   0.0      -0.211
 6. 3.2000  453.   0.03   0.00    0.6   0.0   3.9   0.0   0.6   0.0      -0.089
 7. 3.2000  453.   0.15   0.00    4.6   0.2   3.9   0.0   0.1   0.0       0.078
 8. 3.2000  467.   0.06   0.00   34.6   0.0  20.4   0.0   0.0   0.0       0.218
 9. 3.2000  466.   0.13   0.00   19.4   0.1  20.9   0.0   0.1   0.0      -0.147
10. 3.2000  462.   0.45   0.00    9.1   0.4  12.4   0.0   0.7   0.0      -0.227
11. 3.2000  460.   0.13   0.00    6.5   0.2   8.5   0.0   0.2   0.0      -0.162
12. 3.2000  455.   0.08   0.00    0.3   0.3   5.7   0.0   0.3   0.0      -0.237
13. 3.2000  453.   0.18   0.00    3.0   0.8   4.1   0.0   0.8   0.0      -0.148
14. 3.2000  465.   0.06   0.00   21.1   0.1   8.7   0.0   0.0   0.0       0.262
15. 3.2000  460.   0.37   1.68    5.8   0.4   9.7   0.0   0.3   0.0      -0.257
16. 3.2000  458.   0.24   0.00    3.5   0.4   6.4   0.0   0.6   0.0      -0.126
17. 3.2000  463.   0.00   0.00   13.1   0.0   8.2   0.0   0.0   0.0       0.232
18. 3.2000  461.   0.06   0.00    6.9   0.0   9.0   0.0   0.0   0.0      -0.152
19. 3.2000  455.   0.13   0.00    0.0   0.8   5.8   0.0   0.9   0.0      -0.242
20. 3.2000  450.   0.00   0.00    0.0   0.7   3.7   0.0   1.0   0.0      -0.194

 date      store  inter   snow   rain    et drain   lat    ep    tp  mbal error
           ------------------------- mm ----------------------------------------
21. 3.2000  447.   0.00   0.00    0.0   0.9   2.8   0.0   1.0   0.0      -0.172
22. 3.2000  444.   0.00   0.00    0.0   1.1   2.2   0.0   1.3   0.0      -0.156
23. 3.2000  441.   0.00   0.00    0.0   0.8   1.9   0.0   1.0   0.0      -0.145
24. 3.2000  446.   0.23   0.00    7.4   0.5   2.0   0.0   0.4   0.0       0.166
25. 3.2000  447.   0.23   0.00    4.5   0.5   2.4   0.0   0.4   0.0       0.121
26. 3.2000  446.   0.08   0.00    1.3   0.4   2.4   0.0   0.5   0.0      -0.126
27. 3.2000  443.   0.01   0.00    0.2   0.6   2.2   0.0   0.8   0.0      -0.149
28. 3.2000  445.   0.00   0.48    4.3   0.0   2.1   0.0  -0.1   0.0       0.122
29. 3.2000  444.   0.04   0.00    0.7  -0.2   2.1   0.0   0.0   0.0      -0.083
30. 3.2000  442.   0.06   0.00    0.1   0.1   2.0   0.0   0.0   0.0      -0.113
31. 3.2000  441.   0.16   0.00    0.9   0.3   1.8   0.0   0.2   0.0      -0.110
 1. 4.2000  440.   0.05   0.00    0.8   0.5   1.7   0.0   0.6   0.0      -0.104
 2. 4.2000  438.   0.00   0.00    0.0   0.8   1.6   0.0   1.0   0.0      -0.135
 3. 4.2000  435.   0.00   0.00    0.0   1.4   1.4   0.0   2.1   0.0      -0.138
 4. 4.2000  433.   0.00   0.00    0.0   1.1   1.2   0.0   1.5   0.0      -0.137
 5. 4.2000  431.   0.00   0.00    0.0   0.6   1.1   0.0   1.0   0.0      -0.126
 6. 4.2000  429.   0.00   0.00    0.0   1.1   1.0   0.0   1.4   0.0      -0.142
 7. 4.2000  428.   0.00   0.00    0.0   0.9   0.9   0.0   1.3   0.0      -0.143
 8. 4.2000  426.   0.00   0.00    0.0   0.8   0.9   0.0   0.9   0.0      -0.144
 9. 4.2000  425.   0.00   0.00    0.0   0.7   0.8   0.0   1.1   0.0      -0.138

 date      store  inter   snow   rain    et drain   lat    ep    tp  mbal error
           ------------------------- mm ----------------------------------------
10. 4.2000  423.   0.00   0.00    0.0   1.0   0.8   0.0   1.5   0.0      -0.141
11. 4.2000  423.   0.01   0.00    0.1   0.0   0.7   0.0   1.5   0.0      -0.108
12. 4.2000  424.   0.16   0.00    2.7   0.2   0.7   0.0   0.7   0.0       0.139
13. 4.2000  424.   0.03   0.00    0.5   0.0   0.8   0.0   1.5   0.0      -0.054
14. 4.2000  424.   0.02   0.00    0.3   0.4   0.7   0.0   0.5   0.0      -0.099
15. 4.2000  423.   0.04   0.00    0.6   0.5   0.7   0.0   0.6   0.0      -0.103
16. 4.2000  421.   0.00   0.00    0.0   1.4   0.7   0.0   2.0   0.0      -0.132
17. 4.2000  420.   0.00   0.00    0.0   0.9   0.6   0.0   1.2   0.0      -0.124
18. 4.2000  422.   0.22   0.00    3.7   1.0   0.6   0.0   1.0   0.0       0.135
19. 4.2000  421.   0.02   0.00    0.4   0.4   0.7   0.0   0.5   0.0      -0.078
20. 4.2000  419.   0.00   0.00    0.0   1.7   0.6   0.0   2.1   0.0      -0.131
21. 4.2000  417.   0.00   0.00    0.0   1.7   0.6   0.0   2.2   0.0      -0.136
22. 4.2000  414.   0.00   0.00    0.0   2.1   0.5   0.0   2.7   0.0      -0.143
23. 4.2000  419.   0.48   0.00    7.9   2.0   0.5   0.0   1.8   0.0       0.020
24. 4.2000  420.   0.06   0.00    1.0   0.2   0.6   0.0   0.2   0.0       0.039
25. 4.2000  417.   0.00   0.00    0.0   1.7   0.6   0.0   2.1   0.0      -0.131
26. 4.2000  415.   0.00   0.00    0.0   2.2   0.5   0.0   2.8   0.0      -0.139
27. 4.2000  412.   0.00   0.00    0.1   2.2   0.5   0.0   2.9   0.0      -0.135
28. 4.2000  411.   0.00   0.00    0.0   1.5   0.4   0.0   2.0   0.0      -0.119
29. 4.2000  412.   0.21   0.00    3.4   1.3   0.4   0.0   1.4   0.0       0.122

 date      store  inter   snow   rain    et drain   lat    ep    tp  mbal error
           ------------------------- mm ----------------------------------------
30. 4.2000  412.   0.05   0.00    0.9   0.3   0.4   0.0   0.3   0.0       0.054
 1. 5.2000  411.   0.00   0.00    0.1   0.7   0.4   0.0   0.8   0.0      -0.079
 2. 5.2000  410.   0.00   0.00    0.0   1.5   0.4   0.0   1.7   0.0      -0.137
 3. 5.2000  407.   0.00   0.00    0.0   2.1   0.4   0.0   2.4   0.0      -0.073
 4. 5.2000  404.   0.00   0.00    0.0   2.6   0.3   0.0   3.1   0.0      -0.063
 5. 5.2000  401.   0.00   0.00    0.0   2.6   0.3   0.0   3.1   0.0      -0.047
 6. 5.2000  398.   0.00   0.00    0.0   2.9   0.3   0.0   3.4   0.3      -0.028
 7. 5.2000  395.   0.01   0.00    0.2   2.9   0.2   0.0   3.0   0.5      -0.039
 8. 5.2000  411.   0.71   0.00   18.1   1.9   0.3   0.0   1.1   0.2       0.037
 9. 5.2000  409.   0.00   0.00    0.0   1.6   0.4   0.0   1.2   0.6      -0.108
10. 5.2000  407.   0.00   0.00    0.0   1.9   0.4   0.0   1.3   0.7      -0.110
11. 5.2000  404.   0.00   0.00    0.0   2.5   0.3   0.0   1.6   1.1      -0.066
12. 5.2000  401.   0.00   0.00    0.0   2.6   0.3   0.0   1.8   1.2      -0.051
13. 5.2000  398.   0.00   0.00    0.0   3.0   0.3   0.0   1.9   1.4      -0.025
14. 5.2000  395.   0.00   0.00    0.0   3.3   0.2   0.0   1.5   1.9      -0.007
15. 5.2000  391.   0.00   0.00    0.0   3.6   0.2   0.0   1.4   2.3       0.010
16. 5.2000  387.   0.02   0.00    0.1   3.4   0.2   0.0   1.3   2.2       0.012
17. 5.2000  388.   0.50   0.00    2.7   1.8   0.2   0.0   0.7   0.7       0.062
18. 5.2000  390.   0.86   0.00    4.3   1.7   0.2   0.0   0.5   0.4       0.061
19. 5.2000  397.   0.83   0.00    8.6   1.4   0.2   0.0   0.4   0.3      -0.023

 date      store  inter   snow   rain    et drain   lat    ep    tp  mbal error
           ------------------------- mm ----------------------------------------
20. 5.2000  399.   0.77   0.00    3.5   1.6   0.3   0.0   0.4   0.5       0.060
21. 5.2000  403.   0.92   0.00    6.2   1.5   0.3   0.0   0.3   0.3      -0.022
22. 5.2000  403.   0.18   0.00    0.7   0.6   0.3   0.0   0.2   0.3      -0.034
23. 5.2000  402.   0.11   0.00    0.4   1.6   0.3   0.0   0.4   1.1      -0.085
24. 5.2000  403.   0.66   0.00    2.5   1.2   0.3   0.0   0.2   0.3       0.073
25. 5.2000  408.   1.00   0.00    6.5   1.4   0.3   0.0   0.2   0.2      -0.009
26. 5.2000  405.   0.00   0.00    0.0   2.6   0.4   0.0   0.6   2.1      -0.061
27. 5.2000  404.   0.38   0.00    1.3   1.9   0.3   0.0   0.5   1.1      -0.094
28. 5.2000  402.   0.05   0.00    0.2   1.6   0.3   0.0   0.6   1.1      -0.092
29. 5.2000  406.   1.23   0.00    5.6   1.8   0.3   0.0   0.2   0.3       0.020
30. 5.2000  407.   1.00   0.00    3.1   1.6   0.4   0.0   0.2   0.4       0.085
31. 5.2000  404.   0.00   0.00    0.0   2.1   0.3   0.0   0.3   1.8      -0.041
 1. 6.2000  402.   0.00   0.00    0.0   2.3   0.3   0.0   0.4   2.0      -0.068
 2. 6.2000  397.   0.00   0.00    0.0   4.4   0.3   0.0   0.5   3.9       0.018
 3. 6.2000  396.   0.84   0.00    2.3   3.6   0.2   0.0   0.3   2.5      -0.063
 4. 6.2000  393.   0.03   0.00    0.1   2.7   0.2   0.0   0.4   2.3      -0.032
 5. 6.2000  396.   1.29   0.00    5.6   1.8   0.2   0.0   0.2   0.4       0.014
 6. 6.2000  400.   1.26   0.00    5.5   1.6   0.3   0.0   0.2   0.2      -0.006
 7. 6.2000  406.   1.17   0.00    7.3   1.6   0.3   0.0   0.2   0.3      -0.027
 8. 6.2000  402.   0.06   0.00    0.0   3.4   0.3   0.0   0.4   3.0      -0.010

 date      store  inter   snow   rain    et drain   lat    ep    tp  mbal error
           ------------------------- mm ----------------------------------------
 9. 6.2000  397.   0.00   0.00    0.0   4.9   0.3   0.0   0.9   4.1       0.009
10. 6.2000  393.   0.20   0.00    0.6   3.7   0.2   0.0   0.4   3.1      -0.011
11. 6.2000  395.   1.40   0.00    4.0   2.2   0.2   0.0   0.2   0.6       0.072
12. 6.2000  391.   0.00   0.00    0.0   3.7   0.2   0.0   0.5   3.3       0.005
13. 6.2000  386.   0.03   0.00    0.1   4.9   0.2   0.0   0.6   4.3       0.012
14. 6.2000  388.   1.69   0.00    5.3   3.2   0.2   0.0   0.3   1.2       0.022
15. 6.2000  388.   1.01   0.00    2.8   2.0   0.2   0.0   0.3   0.8       0.053
16. 6.2000  386.   0.00   0.00    0.0   2.0   0.2   0.0   0.4   1.7      -0.048
17. 6.2000  382.   0.00   0.00    0.0   3.6   0.2   0.0   0.4   3.3       0.019
18. 6.2000  377.   0.00   0.00    0.0   5.1   0.1   0.0   0.6   4.6       0.035
19. 6.2000  372.   0.00   0.00    0.0   5.3   0.1   0.0   0.6   5.4      -0.004
20. 6.2000  367.   0.03   0.00    0.1   5.3   0.1   0.0   0.7   5.6      -0.008
21. 6.2000  364.   1.05   0.00    2.9   5.3   0.1   0.0   0.6   4.1       0.000
22. 6.2000  363.   0.84   0.00    2.3   3.1   0.1   0.0   0.4   1.9      -0.043
23. 6.2000  363.   1.09   0.00    3.0   3.1   0.1   0.0   0.5   1.7      -0.037
24. 6.2000  365.   1.18   0.00    3.3   1.9   0.1   0.0   0.2   0.5       0.023
25. 6.2000  369.   1.33   0.00    5.9   1.8   0.1   0.0   0.2   0.4      -0.022
26. 6.2000  367.   0.06   0.00    0.2   1.6   0.1   0.0   0.3   1.2      -0.026
27. 6.2000  365.   0.00   0.00    0.0   1.9   0.1   0.0   0.4   1.6       0.003
28. 6.2000  364.   0.00   0.00    0.0   1.3   0.1   0.0   0.3   1.1      -0.027

 date      store  inter   snow   rain    et drain   lat    ep    tp  mbal error
           ------------------------- mm ----------------------------------------
29. 6.2000  363.   0.00   0.00    0.0   0.8   0.1   0.0   0.2   0.6      -0.044
30. 6.2000  360.   0.00   0.00    0.0   2.7   0.1   0.0   0.4   2.4       0.022
 1. 7.2000  358.   0.00   0.00    0.0   1.8   0.1   0.0   0.2   1.6       0.004
 2. 7.2000  356.   0.00   0.00    0.0   2.1   0.1   0.0   0.2   1.9       0.001
 3. 7.2000  355.   0.00   0.00    0.0   1.1   0.1   0.0   0.2   1.0      -0.017
 4. 7.2000  430.   1.46   0.00   77.3   2.5   0.2   0.0   0.2   0.9       0.001
 5. 7.2000  440.   0.47   0.00   13.0   0.6   1.2   0.0   0.1   0.1       0.007
 6. 7.2000  440.   1.41   0.00    2.4   1.8   1.6   0.0   0.2   0.3      -0.062
 7. 7.2000  437.   0.00   0.00    0.0   1.2   1.5   0.0   0.2   1.0      -0.142
 8. 7.2000  437.   0.62   0.00    1.7   0.9   1.4   0.0   0.1   0.2      -0.072
 9. 7.2000  440.   1.42   0.00    7.3   2.1   1.5   0.0   0.2   0.5       0.151
10. 7.2000  447.   1.43   0.00   11.4   2.1   2.0   0.0   0.3   0.5       0.134
11. 7.2000  450.   1.10   0.00    6.9   1.4   2.8   0.0   0.2   0.2       0.141
12. 7.2000  446.   0.15   0.00    0.1   1.5   2.7   0.0   0.3   1.1      -0.179
13. 7.2000  448.   1.27   0.00    6.3   1.7   2.5   0.0   0.2   0.3       0.135
14. 7.2000  446.   0.55   0.00    1.5   1.0   2.5   0.0   0.1   0.4      -0.132
15. 7.2000  450.   1.29   0.00    8.7   1.8   2.7   0.0   0.2   0.4       0.171
16. 7.2000  446.   0.04   0.00    0.1   1.6   2.7   0.0   0.2   1.4      -0.184
17. 7.2000  444.   0.48   0.00    1.3   0.9   2.2   0.0   0.1   0.3      -0.124
18. 7.2000  443.   0.69   0.00    1.9   1.0   2.1   0.0   0.1   0.2      -0.110

 date      store  inter   snow   rain    et drain   lat    ep    tp  mbal error
           ------------------------- mm ----------------------------------------
19. 7.2000  443.   0.75   0.00    2.1   1.0   1.9   0.0   0.1   0.1      -0.090
20. 7.2000  439.   0.21   0.00    0.6   2.2   1.7   0.0   0.4   1.7      -0.159
21. 7.2000  437.   0.11   0.00    0.3   1.7   1.5   0.0   0.3   1.3      -0.149
22. 7.2000  439.   1.08   0.00    5.9   1.5   1.5   0.0   0.1   0.3       0.139
23. 7.2000  434.   0.13   0.00    0.0   3.9   1.4   0.0   0.4   3.4      -0.113
24. 7.2000  433.   0.80   0.00    2.2   2.3   1.2   0.0   0.3   1.2      -0.089
25. 7.2000  437.   0.49   0.00    6.7   0.6   1.3   0.0   0.1   0.1       0.144
26. 7.2000  435.   0.61   0.00    0.2   1.6   1.3   0.0   0.2   0.8      -0.120
27. 7.2000  441.   1.35   0.00    9.9   2.1   1.5   0.0   0.2   0.6       0.116
28. 7.2000  442.   0.38   0.00    3.7   0.5   1.8   0.0   0.1   0.1       0.077
29. 7.2000  440.   0.69   0.00    0.2   1.5   1.7   0.0   0.2   0.7      -0.142
30. 7.2000  442.   1.51   0.00    6.5   2.6   1.7   0.0   0.3   0.9       0.121
31. 7.2000  438.   0.03   0.00    0.1   2.1   1.7   0.0   0.2   1.9      -0.153
 1. 8.2000  434.   0.03   0.00    0.1   3.6   1.3   0.0   0.4   3.2      -0.116
 2. 8.2000  438.   1.50   0.00    8.1   2.4   1.3   0.0   0.3   0.7       0.147
 3. 8.2000  438.   1.49   0.00    4.1   2.7   1.4   0.0   0.3   1.0       0.008
 4. 8.2000  434.   0.00   0.00    0.0   2.4   1.3   0.0   0.3   2.2      -0.139
 5. 8.2000  431.   0.00   0.00    0.0   2.6   1.1   0.0   0.3   2.3      -0.146
 6. 8.2000  428.   0.36   0.00    1.0   2.3   1.0   0.0   0.3   1.7      -0.147
 7. 8.2000  426.   0.00   0.00    0.0   2.0   0.9   0.0   0.3   1.7      -0.153

 date      store  inter   snow   rain    et drain   lat    ep    tp  mbal error
           ------------------------- mm ----------------------------------------
 8. 8.2000  424.   0.27   0.00    0.7   1.6   0.8   0.0   0.2   1.2      -0.133
 9. 8.2000  421.   0.03   0.00    0.1   2.5   0.7   0.0   0.3   2.2      -0.134
10. 8.2000  426.   1.50   0.00    8.6   2.7   0.7   0.0   0.3   1.0       0.061
11. 8.2000  424.   0.00   0.00    0.0   1.3   0.8   0.0   0.2   1.1      -0.135
12. 8.2000  421.   0.00   0.00    0.0   2.8   0.7   0.0   0.3   2.5      -0.104
13. 8.2000  417.   0.00   0.00    0.0   3.0   0.6   0.0   0.3   2.7      -0.079
14. 8.2000  413.   0.00   0.00    0.0   4.1   0.5   0.0   0.4   3.7      -0.041
15. 8.2000  412.   0.62   0.00    1.7   2.5   0.5   0.0   0.3   1.7      -0.099
16. 8.2000  409.   0.33   0.00    0.9   3.0   0.4   0.0   0.4   2.3      -0.124
17. 8.2000  407.   0.00   0.00    0.0   2.5   0.4   0.0   0.3   2.2      -0.067
18. 8.2000  436.   1.68   0.00   33.2   3.5   0.7   0.0   0.3   1.5       0.006
19. 8.2000  435.   0.98   0.00    2.7   1.7   1.3   0.0   0.2   0.6      -0.051
20. 8.2000  435.   1.02   0.00    2.8   1.8   1.3   0.0   0.2   0.7      -0.049
21. 8.2000  434.   0.00   0.00    0.0   0.3   1.2   0.0   0.1   0.2      -0.095
22. 8.2000  431.   0.00   0.00    0.0   1.9   1.1   0.0   0.2   1.8      -0.131
23. 8.2000  428.   0.00   0.00    0.0   2.3   1.0   0.0   0.3   2.1      -0.158
24. 8.2000  424.   0.00   0.00    0.0   3.0   0.8   0.0   0.4   2.7      -0.106
25. 8.2000  422.   0.00   0.00    0.0   1.8   0.7   0.0   0.2   1.6      -0.140
26. 8.2000  418.   0.00   0.00    0.0   3.2   0.6   0.0   0.6   2.7      -0.083
27. 8.2000  415.   0.00   0.00    0.0   2.4   0.5   0.0   0.3   2.1      -0.131

 date      store  inter   snow   rain    et drain   lat    ep    tp  mbal error
           ------------------------- mm ----------------------------------------
28. 8.2000  413.   0.00   0.00    0.0   2.2   0.5   0.0   0.3   1.9      -0.146
29. 8.2000  411.   0.04   0.00    0.1   1.7   0.4   0.0   0.2   1.5      -0.127
30. 8.2000  409.   0.08   0.00    0.2   1.9   0.4   0.0   0.2   1.7      -0.126
31. 8.2000  406.   0.00   0.00    0.0   1.9   0.4   0.0   0.2   1.7      -0.094
 1. 9.2000  408.   1.40   0.00    4.8   2.2   0.4   0.0   0.2   0.7       0.118
 2. 9.2000  420.   0.37   0.00   12.8   0.5   0.5   0.0   0.1   0.1      -0.008
 3. 9.2000  430.   0.33   0.00   11.8   0.3   0.8   0.0   0.0   0.0      -0.016
 4. 9.2000  431.   2.15   0.00    3.9   2.6   1.0   0.0   0.2   0.4       0.082
 5. 9.2000  430.   0.04   0.00    0.1   0.6   1.0   0.0   0.1   0.4      -0.108
 6. 9.2000  451.   0.97   0.00   24.3   1.2   1.8   0.0   0.1   0.2       0.010
 7. 9.2000  449.   1.32   0.00    3.1   1.9   3.1   0.0   0.2   0.4      -0.131
 8. 9.2000  447.   0.22   0.00    0.6   0.9   2.7   0.0   0.1   0.5      -0.162
 9. 9.2000  444.   0.15   0.00    0.4   0.7   2.3   0.0   0.1   0.4      -0.140
10. 9.2000  442.   0.00   0.00    0.0   0.9   1.9   0.0   0.1   0.8      -0.148
11. 9.2000  439.   0.00   0.00    0.0   1.4   1.7   0.0   0.2   1.3      -0.154
12. 9.2000  435.   0.00   0.00    0.0   2.2   1.4   0.0   0.3   2.0      -0.138
13. 9.2000  432.   0.00   0.00    0.0   1.7   1.2   0.0   0.3   1.4      -0.143
14. 9.2000  430.   0.00   0.00    0.0   1.3   1.0   0.0   0.2   1.2      -0.145
15. 9.2000  428.   0.00   0.00    0.0   1.1   0.9   0.0   0.2   0.9      -0.157
16. 9.2000  427.   0.00   0.00    0.0   0.5   0.9   0.0   0.1   0.4      -0.111

 date      store  inter   snow   rain    et drain   lat    ep    tp  mbal error
           ------------------------- mm ----------------------------------------
17. 9.2000  425.   0.00   0.00    0.0   0.9   0.8   0.0   0.1   0.8      -0.138
18. 9.2000  424.   0.00   0.00    0.0   0.4   0.8   0.0   0.1   0.3      -0.099
19. 9.2000  423.   0.05   0.00    0.2   1.4   0.7   0.0   0.3   1.1      -0.152
20. 9.2000  421.   0.00   0.00    0.0   1.1   0.7   0.0   0.3   0.9      -0.154
21. 9.2000  426.   0.13   0.00    7.0   0.2   0.7   0.0   0.0   0.0       0.049
22. 9.2000  425.   0.81   0.00    0.0   1.3   0.8   0.0   0.1   0.4      -0.103
23. 9.2000  423.   0.00   0.00    0.0   1.5   0.7   0.0   0.3   1.2      -0.141
24. 9.2000  421.   0.00   0.00    0.0   1.7   0.7   0.0   0.3   1.5      -0.143
25. 9.2000  429.   0.62   0.00   10.0   0.8   0.8   0.0   0.1   0.1      -0.023
26. 9.2000  427.   0.49   0.00    0.1   1.0   0.9   0.0   0.1   0.4      -0.106
27. 9.2000  426.   0.00   0.00    0.0   0.5   0.8   0.0   0.1   0.5      -0.115
28. 9.2000  426.   0.71   0.00    2.0   1.3   0.8   0.0   0.2   0.4      -0.068
29. 9.2000  423.   0.00   0.00    0.0   2.2   0.8   0.0   0.4   1.9      -0.144
30. 9.2000  421.   0.00   0.00    0.0   1.8   0.7   0.0   0.2   1.6      -0.145
 1.10.2000  421.   0.71   0.00    2.0   1.0   0.7   0.0   0.1   0.2       0.062
 2.10.2000  420.   0.00   0.00    0.0   0.8   0.6   0.0   0.2   0.7      -0.122
 3.10.2000  419.   0.00   0.00    0.0   0.7   0.6   0.0   0.1   0.6      -0.116
 4.10.2000  417.   0.00   0.00    0.0   1.0   0.6   0.0   0.1   0.9      -0.119
 5.10.2000  418.   0.72   0.00    3.4   1.0   0.6   0.0   0.1   0.2       0.111
 6.10.2000  418.   0.48   0.00    0.3   0.8   0.6   0.0   0.1   0.2      -0.074

 date      store  inter   snow   rain    et drain   lat    ep    tp  mbal error
           ------------------------- mm ----------------------------------------
 7.10.2000  422.   0.30   0.00    6.3   0.4   0.6   0.0   0.0   0.1       0.061
 8.10.2000  423.   1.55   0.00    2.6   1.8   0.7   0.0   0.2   0.1       0.090
 9.10.2000  423.   0.23   0.00    0.7   0.4   0.7   0.0   0.1   0.2      -0.087
10.10.2000  425.   0.66   0.00    4.7   0.8   0.7   0.0   0.1   0.1       0.158
11.10.2000  425.   0.37   0.00    0.0   0.5   0.8   0.0   0.1   0.1      -0.092
12.10.2000  425.   0.97   0.00    3.0   1.5   0.8   0.0   0.2   0.4       0.089
13.10.2000  424.   0.00   0.00    0.0   0.6   0.8   0.0   0.1   0.5      -0.117
14.10.2000  423.   0.00   0.00    0.0   0.6   0.7   0.0   0.1   0.6      -0.138
15.10.2000  422.   0.00   0.00    0.0   0.2   0.7   0.0   0.0   0.1      -0.094
16.10.2000  421.   0.10   0.00    0.3   0.7   0.7   0.0   0.2   0.4      -0.096
17.10.2000  421.   0.46   0.00    1.5   0.6   0.7   0.0   0.1   0.1       0.062
18.10.2000  420.   0.00   0.00    0.0   0.6   0.6   0.0   0.2   0.4      -0.093
19.10.2000  421.   0.29   0.00    2.1   0.3   0.6   0.0   0.0   0.0       0.085
20.10.2000  420.   0.29   0.00    0.0   0.3   0.6   0.0   0.0   0.0      -0.081
21.10.2000  419.   0.02   0.00    0.0   0.5   0.6   0.0   0.2   0.4      -0.088
22.10.2000  418.   0.02   0.00    0.1   0.5   0.6   0.0   0.1   0.4      -0.085
23.10.2000  421.   0.73   0.00    4.3   0.9   0.6   0.0   0.1   0.1       0.128
24.10.2000  420.   0.17   0.00    0.1   0.4   0.6   0.0   0.1   0.1      -0.086
25.10.2000  422.   0.64   0.00    3.7   0.8   0.7   0.0   0.1   0.0       0.139
26.10.2000  423.   0.61   0.00    1.7   0.7   0.7   0.0   0.1   0.0       0.091

 date      store  inter   snow   rain    et drain   lat    ep    tp  mbal error
           ------------------------- mm ----------------------------------------
27.10.2000  434.   0.21   0.00   13.4   0.3   0.9   0.0   0.0   0.0      -0.005
28.10.2000  434.   0.17   0.00    0.5   0.2   1.2   0.0   0.0   0.0      -0.092
29.10.2000  432.   0.50   0.00    0.3   0.9   1.1   0.0   0.3   0.2      -0.101
30.10.2000  436.   1.16   0.00    7.0   1.6   1.2   0.0   0.5   0.2       0.133
31.10.2000  436.   0.39   0.00    1.7   0.6   1.3   0.0   0.2   0.1      -0.059
 1.11.2000  438.   0.63   0.00    4.5   0.8   1.4   0.0   0.1   0.0       0.133
 2.11.2000  438.   0.49   0.00    1.8   0.6   1.5   0.0   0.1   0.1      -0.063
 3.11.2000  438.   0.21   0.00    2.1   0.3   1.5   0.0   0.0   0.0       0.060
 4.11.2000  437.   0.29   0.00    0.3   0.4   1.4   0.0   0.1   0.0      -0.095
 5.11.2000  436.   0.02   0.00    0.1   0.2   1.4   0.0   0.1   0.1      -0.099
 6.11.2000  436.   0.50   0.00    2.6   0.7   1.3   0.0   0.2   0.0       0.071
 7.11.2000  435.   0.04   0.00    0.2   0.3   1.3   0.0   0.2   0.1      -0.097
 8.11.2000  434.   0.00   0.00    0.0   0.2   1.2   0.0   0.2   0.1      -0.096
 9.11.2000  433.   0.15   0.00    0.8   0.3   1.2   0.0   0.2   0.1      -0.079
10.11.2000  432.   0.02   0.00    0.1   0.3   1.1   0.0   0.3   0.1      -0.098
11.11.2000  431.   0.00   0.00    0.0   0.1   1.1   0.0   0.1   0.0      -0.096
12.11.2000  432.   0.52   0.00    3.2   0.9   1.0   0.0   0.5   0.1       0.084
13.11.2000  435.   0.01   0.00    4.6   0.0   1.2   0.0   0.0   0.0       0.130
14.11.2000  434.   0.13   0.00    0.1   0.1   1.2   0.0   0.0   0.0      -0.088
15.11.2000  434.   0.25   0.00    2.1   0.3   1.2   0.0   0.1   0.0       0.084

 date      store  inter   snow   rain    et drain   lat    ep    tp  mbal error
           ------------------------- mm ----------------------------------------
16.11.2000  433.   0.28   0.00    0.1   0.4   1.2   0.0   0.1   0.0      -0.088
17.11.2000  437.   0.10   0.00    5.4   0.1   1.3   0.0   0.0   0.0       0.136
18.11.2000  436.   0.07   0.00    0.6   0.0   1.4   0.0   0.0   0.0      -0.092
19.11.2000  438.   0.56   0.00    3.7   0.6   1.4   0.0   0.1   0.0       0.110
20.11.2000  437.   0.08   0.00    0.0   0.2   1.4   0.0   0.1   0.0      -0.100
21.11.2000  437.   0.30   0.00    2.7   0.3   1.4   0.0   0.2   0.0       0.095
22.11.2000  438.   0.24   0.00    2.1   0.3   1.4   0.0   0.2   0.0       0.047
23.11.2000  438.   0.07   0.00    1.8   0.1   1.5   0.0   0.0   0.0       0.065
24.11.2000  436.   0.12   0.00    0.0   0.2   1.4   0.0   0.1   0.0      -0.102
25.11.2000  438.   0.14   0.00    3.4   0.2   1.4   0.0   0.1   0.0       0.099
26.11.2000  439.   0.20   0.00    2.8   0.2   1.5   0.0   0.0   0.0       0.100
27.11.2000  439.   0.12   0.00    2.3   0.1   1.6   0.0   0.0   0.0       0.070
28.11.2000  441.   0.12   0.00    3.2   0.1   1.7   0.0   0.0   0.0       0.107
29.11.2000  439.   0.15   0.00    0.0   0.2   1.7   0.0   0.1   0.0      -0.104
30.11.2000  438.   0.00   0.00    0.0   0.0   1.5   0.0   0.0   0.0      -0.109
 1.12.2000  438.   0.15   0.00    2.3   0.2   1.5   0.0   0.2   0.0       0.075
 2.12.2000  438.   0.02   0.00    0.4  -0.1   1.5   0.0  -0.1   0.0      -0.097
 3.12.2000  436.   0.00   0.00    0.0   0.0   1.4   0.0   0.0   0.0      -0.094
 4.12.2000  435.   0.01   0.00    0.2   0.1   1.3   0.0   0.2   0.0      -0.086
 5.12.2000  434.   0.00   0.00    0.0   0.1   1.2   0.0   0.1   0.0      -0.094

 date      store  inter   snow   rain    et drain   lat    ep    tp  mbal error
           ------------------------- mm ----------------------------------------
 6.12.2000  434.   0.09   0.00    1.5   0.1   1.2   0.0   0.1   0.0       0.061
 7.12.2000  438.   0.11   0.00    5.3   0.1   1.3   0.0   0.1   0.0       0.144
 8.12.2000  437.   0.09   0.00    0.3   0.1   1.4   0.0   0.0   0.0      -0.097
 9.12.2000  435.   0.01   0.00    0.1   0.1   1.3   0.0   0.1   0.0      -0.089
10.12.2000  446.   0.01   0.00   12.0  -0.1   1.7   0.0  -0.1   0.0       0.090
11.12.2000  455.   0.44   0.00   13.3   0.6   3.2   0.0   0.4   0.0       0.171
12.12.2000  455.  -0.03   0.00    4.2  -0.2   4.5   0.0  -0.1   0.0      -0.068
13.12.2000  455.   0.51   0.00    5.6   0.9   4.5   0.0   0.8   0.0       0.080
14.12.2000  453.   0.13   0.00    2.1   0.3   4.2   0.0   0.3   0.0      -0.160
15.12.2000  463.   0.00   0.00   17.2  -0.2   6.8   0.0  -0.1   0.0       0.243
16.12.2000  458.  -0.13   0.24    2.2  -0.1   7.6   0.0  -0.2   0.0      -0.247
17.12.2000  453.  -0.20   0.00    0.2  -0.2   4.7   0.0  -0.3   0.0      -0.213
18.12.2000  450.  -0.19   0.00    0.2  -0.2   3.5   0.0  -0.3   0.0      -0.170
19.12.2000  448.  -0.04   0.00    0.0  -0.1   2.9   0.0  -0.1   0.0      -0.152
20.12.2000  445.   0.00   0.00    0.0   0.0   2.4   0.0   0.0   0.0      -0.132
21.12.2000  443.   0.09   0.00    0.0   0.1   2.1   0.0   0.0   0.0      -0.117
22.12.2000  442.   0.42   0.00    0.0   0.5   1.9   0.0   0.1   0.0      -0.112
23.12.2000  440.   0.24   0.00    0.0   0.2   1.7   0.0   0.0   0.0      -0.110
24.12.2000  439.  -0.04  14.14   15.3   0.0   1.6   0.0  -0.2   0.0      -0.107
25.12.2000  438.  -0.22  17.87    4.0  -0.1   1.5   0.0  -0.3   0.0      -0.106

 date      store  inter   snow   rain    et drain   lat    ep    tp  mbal error
           ------------------------- mm ----------------------------------------
26.12.2000  437.  -0.25  23.02    5.2  -0.3   1.4   0.0  -0.3   0.0      -0.102
27.12.2000  436.  -0.18  27.09    4.3  -0.2   1.4   0.0  -0.3   0.0      -0.090
28.12.2000  435.  -0.15  27.98    1.1  -0.1   1.3   0.0  -0.3   0.0      -0.089
29.12.2000  434.   0.02  27.96    0.5   0.2   1.2   0.0   0.0   0.0      -0.089
30.12.2000  434.  -0.23  34.30    6.4  -0.3   1.2   0.0  -0.3   0.0      -0.089
31.12.2000  433.  -0.08  34.04    0.0  -0.1   1.2   0.0  -0.1   0.0      -0.096
 1. 1.2001  432.   0.58  41.70    8.4   0.6   1.1   0.0   0.3   0.0      -0.094
 2. 1.2001  435.   0.05  39.16    1.5  -0.1   1.2   0.0   0.0   0.0       0.126
 3. 1.2001  437.   0.15  36.23    0.5   0.1   1.3   0.0   0.0   0.0       0.126
 4. 1.2001  446.   0.48  32.62    7.1   0.5   1.8   0.0   0.2   0.0       0.091
 5. 1.2001  467.   0.02  23.18   28.5  -0.3  16.5   0.0  -0.2   0.0       0.169
 6. 1.2001  463.   0.13  13.70    0.7  -0.2  14.9   0.0   0.0   0.0      -0.241
 7. 1.2001  459.   0.04   9.74    0.0   0.0   8.4   0.0   0.1   0.0      -0.228
 8. 1.2001  455.   0.04   8.76    0.7   0.1   5.5   0.0   0.2   0.0      -0.200
 9. 1.2001  456.   0.01   7.33    4.0   0.0   4.7   0.0  -0.2   0.0       0.081
10. 1.2001  452.   0.16   9.16    2.6   0.2   4.2   0.0   0.0   0.0      -0.177
11. 1.2001  450.   0.12   9.04    0.4   0.3   3.3   0.0   0.0   0.0      -0.159
12. 1.2001  447.   0.01   8.71    0.0   0.0   2.8   0.0   0.0   0.0      -0.134
13. 1.2001  445.   0.00   8.34    0.0   0.0   2.4   0.0   0.0   0.0      -0.134
14. 1.2001  444.   0.00   7.97    0.0   0.0   2.1   0.0   0.0   0.0      -0.126

 date      store  inter   snow   rain    et drain   lat    ep    tp  mbal error
           ------------------------- mm ----------------------------------------
15. 1.2001  442.   0.00   7.59    0.0   0.0   2.0   0.0   0.1   0.0      -0.113
16. 1.2001  441.   0.00   7.16    0.0   0.1   1.8   0.0   0.2   0.0      -0.108
17. 1.2001  440.   0.00   6.79    0.0   0.0   1.7   0.0   0.0   0.0      -0.101
18. 1.2001  439.   0.03   7.12    0.6   0.0   1.6   0.0   0.1   0.0      -0.106
19. 1.2001  438.   0.01   6.87    0.2   0.1   1.5   0.0   0.0   0.0      -0.104
20. 1.2001  437.   0.11   9.12    2.7   0.1   1.4   0.0   0.0   0.0      -0.095
21. 1.2001  436.   0.05  17.52    9.1   0.1   1.3   0.0  -0.1   0.0      -0.086
22. 1.2001  436.   0.10  24.86    8.8   0.0   1.3   0.0  -0.1   0.0      -0.058
23. 1.2001  443.   0.01  20.33    3.9  -0.1   1.6   0.0  -0.1   0.0       0.111
24. 1.2001  453.   0.14  10.73    3.5  -0.2   2.7   0.0   0.0   0.0       0.135
25. 1.2001  459.   0.20   4.14    4.3   0.1   5.1   0.0   0.1   0.0       0.215
26. 1.2001  457.   0.30   0.66    0.4   0.3   5.9   0.0   0.1   0.0      -0.148
27. 1.2001  459.   0.25   6.49   15.1   0.4   6.1   0.0  -0.1   0.0       0.164
28. 1.2001  457.   0.05   5.70    2.9   0.1   6.1   0.0  -0.2   0.0      -0.162
29. 1.2001  453.   0.07   5.50    0.2   0.1   4.6   0.0  -0.1   0.0      -0.211
30. 1.2001  450.   0.07   6.79    1.8   0.1   3.4   0.0  -0.1   0.0      -0.162
31. 1.2001  448.   0.15   7.24    0.9   0.2   2.9   0.0   0.0   0.0      -0.137
 1. 2.2001  446.  -0.11   8.28    1.5   0.0   2.5   0.0  -0.1   0.0      -0.133
 2. 2.2001  444.  -0.07  12.05    4.3  -0.1   2.2   0.0  -0.1   0.0      -0.127
 3. 2.2001  443.  -0.14  22.28   10.6  -0.2   2.0   0.0  -0.1   0.0      -0.115

 date      store  inter   snow   rain    et drain   lat    ep    tp  mbal error
           ------------------------- mm ----------------------------------------
 4. 2.2001  443.  -0.07  35.06   15.6  -0.1   1.9   0.0  -0.1   0.0       0.091
 5. 2.2001  456.   0.09  26.75    6.8  -0.2   3.1   0.0   0.0   0.0       0.133
 6. 2.2001  466.   0.32  12.42    8.4  -0.2  12.4   0.0   0.1   0.0       0.284
 7. 2.2001  465.   0.12   0.00    3.7  -0.3  17.7   0.0   0.0   0.0      -0.137
 8. 2.2001  458.   0.33   0.00    1.8   1.0   8.8   0.0   1.1   0.0      -0.286
 9. 2.2001  454.   0.02   0.00    0.4   0.0   4.8   0.0   0.1   0.0      -0.216
10. 2.2001  450.   0.00   0.00    0.0   0.1   3.5   0.0   0.3   0.0      -0.191
11. 2.2001  448.   0.01   0.00    0.1   0.0   2.8   0.0   0.7   0.0      -0.150
12. 2.2001  447.   0.13   0.00    2.2   0.2   2.5   0.0   0.2   0.0      -0.071
13. 2.2001  445.   0.00   0.00    0.0   0.2   2.3   0.0   0.3   0.0      -0.138
14. 2.2001  443.   0.00   0.00    0.0   0.1   2.0   0.0   0.2   0.0      -0.124
15. 2.2001  441.   0.00   0.00    0.0   0.3   1.8   0.0   0.4   0.0      -0.126
16. 2.2001  439.   0.03   0.00    0.4   0.4   1.6   0.0   0.6   0.0      -0.114
17. 2.2001  438.   0.00   0.00    0.0   0.0   1.5   0.0   0.0   0.0      -0.105
18. 2.2001  437.   0.04   0.10    1.1   0.0   1.4   0.0   0.0   0.0      -0.070
19. 2.2001  439.   0.08   0.00    3.5   0.0   1.5   0.0   0.0   0.0       0.116
20. 2.2001  438.   0.12   0.00    0.6   0.1   1.5   0.0   0.0   0.0      -0.106
21. 2.2001  439.   0.15   0.00    2.8   0.2   1.5   0.0   0.1   0.0       0.099
22. 2.2001  451.   0.07   1.98   16.3   0.1   2.3   0.0   0.0   0.0       0.089
23. 2.2001  448.   0.06   3.18    1.8   0.2   3.0   0.0   0.1   0.0      -0.139

 date      store  inter   snow   rain    et drain   lat    ep    tp  mbal error
           ------------------------- mm ----------------------------------------
24. 2.2001  446.   0.20   2.66    0.0   0.4   2.6   0.0   0.1   0.0      -0.131
25. 2.2001  445.   0.12   5.13    2.9   0.1   2.3   0.0   0.2   0.0      -0.129
26. 2.2001  443.   0.05   5.89    1.1   0.0   2.0   0.0   0.0   0.0      -0.118
27. 2.2001  442.   0.00   5.31    0.0   0.2   1.9   0.0   0.3   0.0      -0.109
28. 2.2001  440.   0.00   5.03    0.1   0.0   1.7   0.0   0.4   0.0      -0.103
 1. 3.2001  440.   0.13   6.41    2.7   0.2   1.6   0.0   0.2   0.0      -0.069
 2. 3.2001  439.  -0.04  11.07    5.3   0.0   1.6   0.0  -0.1   0.0      -0.104
 3. 3.2001  438.  -0.09  13.33    2.8   0.0   1.5   0.0  -0.1   0.0      -0.104
 4. 3.2001  437.  -0.12  16.57    3.6  -0.1   1.4   0.0  -0.1   0.0      -0.097
 5. 3.2001  436.   0.01  16.22    0.0   0.0   1.3   0.0  -0.1   0.0      -0.085
 6. 3.2001  435.   0.35  15.95    0.0   0.3   1.3   0.0   0.2   0.0      -0.090
 7. 3.2001  435.   0.41  18.18    3.1   0.4   1.2   0.0   0.2   0.0      -0.076
 8. 3.2001  443.   0.07   8.91    0.9  -0.1   1.5   0.0   0.2   0.0       0.087
 9. 3.2001  452.   0.20   0.00    3.3   0.1   2.7   0.0   0.4   0.0       0.155
10. 3.2001  454.   0.24   0.00    5.8   0.5   3.8   0.0   0.5   0.0       0.118
11. 3.2001  454.   0.23   0.00    5.1   0.5   4.1   0.0   0.4   0.0       0.081
12. 3.2001  452.   0.13   0.00    2.2   0.4   3.9   0.0   0.5   0.0      -0.152
13. 3.2001  453.   0.31   0.00    5.4   0.7   3.7   0.0   0.7   0.0       0.094
14. 3.2001  451.   0.12   0.00    2.0   0.1   3.6   0.0   0.6   0.0      -0.138
15. 3.2001  450.   0.07   0.00    1.2   0.1   3.2   0.0   0.8   0.0      -0.138

 date      store  inter   snow   rain    et drain   lat    ep    tp  mbal error
           ------------------------- mm ----------------------------------------
16. 3.2001  448.   0.06   0.00    1.0   0.1   2.8   0.0   0.1   0.0      -0.126
17. 3.2001  451.   0.16   0.00    6.8   0.2   3.0   0.0   0.1   0.0       0.168
18. 3.2001  458.   0.13   0.00   11.8   0.2   4.5   0.0   0.1   0.0       0.210
19. 3.2001  458.   0.26   1.26    7.6   0.3   6.0   0.0   0.3   0.0       0.033
20. 3.2001  454.   0.09   0.73    0.0   0.3   4.9   0.0   0.4   0.0      -0.217
21. 3.2001  451.   0.23   8.12    8.1   0.3   3.6   0.0   0.2   0.0      -0.173
22. 3.2001  455.   0.12   0.32    0.6  -0.2   3.9   0.0   0.1   0.0       0.196
23. 3.2001  461.   0.07   0.00   11.6  -0.1   6.2   0.0   0.0   0.0       0.221
24. 3.2001  459.   0.29   0.00    6.2   0.5   7.4   0.0   0.3   0.0      -0.121
25. 3.2001  457.  -0.03  15.23   19.6   0.0   6.0   0.0   0.0   0.0      -0.163
26. 3.2001  453.  -0.03  15.61    0.8   0.1   4.5   0.0  -0.1   0.0      -0.200
27. 3.2001  450.   0.31  15.26    0.0   0.3   3.4   0.0   0.2   0.0      -0.163
28. 3.2001  448.   0.18  15.04    0.0   0.0   2.8   0.0   0.2   0.0      -0.138
29. 3.2001  458.   0.40   3.59    2.4   0.0   3.9   0.0   0.4   0.0       0.189
30. 3.2001  456.   0.05   0.00    0.8   0.3   5.5   0.0   0.5   0.0      -0.116
31. 3.2001  452.   0.00   0.00    0.0   1.0   4.2   0.0   1.5   0.0      -0.214
 1. 4.2001  448.   0.00   0.00    0.0   0.9   3.0   0.0   1.2   0.0      -0.168
 2. 4.2001  444.   0.02   0.00    0.3   1.7   2.3   0.0   2.4   0.0      -0.178
 3. 4.2001  442.   0.06   0.00    1.1   0.9   2.0   0.0   1.2   0.0      -0.121
 4. 4.2001  445.   0.36   0.00    6.0   1.2   2.0   0.0   1.4   0.0       0.146

 date      store  inter   snow   rain    et drain   lat    ep    tp  mbal error
           ------------------------- mm ----------------------------------------
 5. 4.2001  457.   0.52   0.00   16.6   1.5   3.4   0.0   1.6   0.0       0.148
 6. 4.2001  456.   0.27   0.00    5.0   0.6   5.1   0.0   0.6   0.0      -0.076
 7. 4.2001  451.   0.01   0.00    0.1   0.9   4.1   0.0   1.4   0.0      -0.202
 8. 4.2001  449.   0.11   0.00    1.8   1.1   3.1   0.0   1.4   0.0      -0.149
 9. 4.2001  447.   0.09   0.00    1.5   1.0   2.7   0.0   1.2   0.0      -0.140
10. 4.2001  449.   0.24   0.00    5.2   0.7   2.7   0.0   0.6   0.0       0.126
11. 4.2001  448.   0.12   0.00    2.0   0.2   2.7   0.0   0.2   0.0      -0.090
12. 4.2001  447.   0.11   0.00    2.0   0.1   2.6   0.0   1.1   0.0      -0.080
13. 4.2001  446.   0.03   0.00    0.6   0.0   2.4   0.0   0.9   0.0      -0.121
14. 4.2001  443.   0.00   0.00    0.0   0.8   2.1   0.0   1.2   0.0      -0.149
15. 4.2001  455.   0.19   4.06   19.8   0.2   3.0   0.0   0.1   0.0       0.133
16. 4.2001  457.   0.07   0.00    3.3   0.0   5.0   0.0   0.0   0.0       0.158
17. 4.2001  453.   0.22   0.00    0.3   0.6   4.5   0.0   0.6   0.0      -0.215
18. 4.2001  453.   0.22   0.00    3.7   0.2   3.7   0.0   0.2   0.0      -0.076
19. 4.2001  452.   0.15   0.00    2.8   0.2   3.6   0.0   0.8   0.0      -0.099
20. 4.2001  449.   0.01   0.00    0.2   0.0   3.1   0.0   0.7   0.0      -0.158
21. 4.2001  447.   0.01   0.00    0.2   0.0   2.6   0.0   1.5   0.0      -0.136
22. 4.2001  443.   0.00   0.00    0.0   1.1   2.2   0.0   1.4   0.0      -0.157
23. 4.2001  441.   0.00   0.00    0.0   1.3   1.8   0.0   1.6   0.0      -0.159
24. 4.2001  438.   0.03   0.00    0.6   1.6   1.6   0.0   2.0   0.0      -0.137

 date      store  inter   snow   rain    et drain   lat    ep    tp  mbal error
           ------------------------- mm ----------------------------------------
25. 4.2001  449.   0.24   0.00   13.2   0.4   2.0   0.0   0.3   0.0       0.094
26. 4.2001  449.   0.22   0.00    3.7   0.9   2.8   0.0   1.0   0.0       0.008
27. 4.2001  450.   0.28   0.00    4.7   0.9   2.9   0.0   0.8   0.0       0.095
28. 4.2001  448.   0.11   0.00    1.9   0.8   2.8   0.0   1.0   0.0      -0.128
29. 4.2001  446.   0.15   0.00    2.4   1.4   2.5   0.0   1.7   0.0      -0.125
30. 4.2001  443.   0.01   0.00    0.1   1.9   2.2   0.0   2.3   0.0      -0.170
 1. 5.2001  439.   0.00   0.00    0.0   2.3   1.7   0.0   3.1   0.0      -0.160
 2. 5.2001  435.   0.00   0.00    0.0   2.2   1.4   0.0   3.0   0.0      -0.140
 3. 5.2001  431.   0.00   0.00    0.0   2.9   1.2   0.0   3.7   0.0      -0.141
 4. 5.2001  430.   0.00   0.00    0.0   1.0   1.0   0.0   1.4   0.0      -0.134
 5. 5.2001  428.   0.00   0.00    0.0   0.5   0.9   0.0   0.7   0.0      -0.113
 6. 5.2001  427.   0.00   0.00    0.0   0.7   0.9   0.0   1.0   0.0      -0.148
 7. 5.2001  425.   0.00   0.00    0.0   1.1   0.8   0.0   1.6   0.0      -0.161
 8. 5.2001  422.   0.00   0.00    0.0   2.1   0.7   0.0   2.6   0.0      -0.149
 9. 5.2001  419.   0.00   0.00    0.0   2.5   0.7   0.0   3.2   0.0      -0.114
10. 5.2001  416.   0.00   0.00    0.0   2.9   0.6   0.0   4.0   0.0      -0.069
11. 5.2001  413.   0.00   0.00    0.0   2.8   0.5   0.0   3.4   0.0      -0.045
12. 5.2001  410.   0.00   0.00    0.0   2.6   0.4   0.0   3.4   0.0      -0.036
13. 5.2001  407.   0.00   0.00    0.0   2.5   0.4   0.0   3.2   0.0      -0.071
14. 5.2001  404.   0.00   0.00    0.0   2.3   0.3   0.0   2.7   0.0      -0.037

 date      store  inter   snow   rain    et drain   lat    ep    tp  mbal error
           ------------------------- mm ----------------------------------------
15. 5.2001  402.   0.01   0.00    0.1   1.7   0.3   0.0   1.9   0.2      -0.094
16. 5.2001  406.   0.48   0.00    5.9   2.2   0.3   0.0   2.0   0.2       0.024
17. 5.2001  406.   0.24   0.00    2.6   1.7   0.3   0.0   1.5   0.3       0.041
18. 5.2001  408.   0.35   0.00    3.4   1.2   0.4   0.0   1.0   0.2       0.116
19. 5.2001  407.   0.00   0.00    0.0   1.0   0.4   0.0   1.0   0.3      -0.089
20. 5.2001  404.   0.00   0.00    0.0   2.2   0.3   0.0   1.3   1.1      -0.031
21. 5.2001  402.   0.00   0.00    0.0   1.6   0.3   0.0   1.0   0.7      -0.095
22. 5.2001  400.   0.01   0.00    0.1   2.0   0.3   0.0   1.1   1.0      -0.033
23. 5.2001  396.   0.00   0.00    0.0   3.6   0.3   0.0   1.8   2.0      -0.011
24. 5.2001  392.   0.00   0.00    0.0   4.1   0.2   0.0   1.6   2.6       0.038
25. 5.2001  388.   0.00   0.00    0.0   3.9   0.2   0.0   1.4   2.6       0.025
26. 5.2001  384.   0.00   0.00    0.0   3.9   0.2   0.0   1.3   2.7       0.019
27. 5.2001  382.   0.12   0.00    0.6   2.6   0.1   0.0   1.1   1.5      -0.040
28. 5.2001  383.   0.51   0.00    2.5   0.9   0.1   0.0   0.3   0.1       0.047
29. 5.2001  380.   0.02   0.00    0.1   3.5   0.1   0.0   1.5   2.2       0.028
30. 5.2001  377.   0.00   0.00    0.0   2.1   0.1   0.0   0.6   1.6      -0.022
31. 5.2001  390.   0.96   0.00   15.0   1.7   0.1   0.0   0.4   0.4       0.007
 1. 6.2001  395.   0.92   0.00    6.1   1.3   0.2   0.0   0.2   0.2      -0.004
 2. 6.2001  410.   0.42   0.00   16.1   0.6   0.3   0.0   0.1   0.1       0.023
 3. 6.2001  424.   1.15   0.00   16.0   1.3   0.5   0.0   0.2   0.0      -0.008

 date      store  inter   snow   rain    et drain   lat    ep    tp  mbal error
           ------------------------- mm ----------------------------------------
 4. 6.2001  426.   0.65   0.00    3.1   0.8   0.8   0.0   0.1   0.0       0.100
 5. 6.2001  426.   1.15   0.00    2.8   2.0   0.8   0.0   0.3   0.6       0.058
 6. 6.2001  436.   1.30   0.00   13.1   2.5   1.0   0.0   0.3   0.9      -0.003
 7. 6.2001  438.   1.12   0.00    5.8   1.4   1.4   0.0   0.2   0.2       0.145
 8. 6.2001  440.   1.17   0.00    5.1   1.7   1.6   0.0   0.2   0.4       0.103
 9. 6.2001  437.   0.00   0.00    0.0   2.1   1.5   0.0   0.3   1.9      -0.149
10. 6.2001  434.   0.16   0.00    0.5   1.7   1.3   0.0   0.2   1.3      -0.136
11. 6.2001  432.   0.13   0.00    0.4   2.0   1.1   0.0   0.3   1.6      -0.137
12. 6.2001  430.   0.07   0.00    0.2   1.0   1.0   0.0   0.2   0.7      -0.133
13. 6.2001  427.   0.04   0.00    0.1   2.4   0.9   0.0   0.3   2.1      -0.154
14. 6.2001  423.   0.00   0.00    0.0   2.8   0.8   0.0   0.4   2.5      -0.113
15. 6.2001  423.   1.84   0.00    5.1   4.3   0.7   0.0   0.4   2.1       0.080
16. 6.2001  421.   0.17   0.00    0.5   2.4   0.7   0.0   0.3   1.9      -0.145
17. 6.2001  425.   1.46   0.00    7.5   2.5   0.7   0.0   0.2   0.8       0.082
18. 6.2001  435.   0.33   0.00   11.6   0.4   1.0   0.0   0.0   0.1       0.000
19. 6.2001  434.   0.69   0.00    0.1   0.9   1.2   0.0   0.1   0.2      -0.101
20. 6.2001  429.   0.00   0.00    0.0   3.7   1.1   0.0   0.4   3.4      -0.105
21. 6.2001  425.   0.00   0.00    0.0   2.9   0.9   0.0   0.5   2.4      -0.126
22. 6.2001  429.   1.35   0.00    6.4   1.8   0.9   0.0   0.2   0.3       0.131
23. 6.2001  427.   0.00   0.00    0.0   0.7   0.9   0.0   0.2   0.6      -0.141

 date      store  inter   snow   rain    et drain   lat    ep    tp  mbal error
           ------------------------- mm ----------------------------------------
24. 6.2001  423.   0.00   0.00    0.0   4.1   0.8   0.0   0.4   3.8      -0.107
25. 6.2001  418.   0.00   0.00    0.0   4.3   0.6   0.0   0.5   3.9      -0.037
26. 6.2001  413.   0.04   0.00    0.1   4.4   0.5   0.0   0.5   3.9      -0.025
27. 6.2001  408.   0.00   0.00    0.0   4.0   0.4   0.0   0.6   3.5      -0.042
28. 6.2001  406.   0.00   0.00    0.0   2.1   0.4   0.0   0.3   1.8      -0.074
29. 6.2001  403.   0.00   0.00    0.0   3.0   0.3   0.0   0.4   2.6      -0.032
30. 6.2001  422.   1.78   0.00   23.4   3.8   0.4   0.0   0.3   1.7       0.007
 1. 7.2001  420.   0.00   0.00    0.0   1.9   0.6   0.0   0.3   1.6      -0.131
 2. 7.2001  416.   0.00   0.00    0.0   3.1   0.6   0.0   0.4   2.7      -0.080
 3. 7.2001  412.   0.04   0.00    0.1   4.0   0.5   0.0   0.5   3.5      -0.048
 4. 7.2001  407.   0.00   0.00    0.0   4.3   0.4   0.0   0.8   3.6       0.020
 5. 7.2001  401.   0.00   0.00    0.0   5.2   0.3   0.0   0.7   4.5       0.032
 6. 7.2001  396.   0.00   0.00    0.0   5.2   0.3   0.0   0.8   4.5      -0.027
 7. 7.2001  394.   1.11   0.00    3.1   4.9   0.2   0.0   0.7   3.2      -0.032
 8. 7.2001  410.   0.44   0.00   17.0   0.5   0.3   0.0   0.1   0.1       0.037
 9. 7.2001  417.   0.73   0.00    8.4   0.8   0.5   0.0   0.1   0.0      -0.025
10. 7.2001  417.   2.12   0.00    4.2   4.1   0.5   0.0   0.4   1.7       0.030
11. 7.2001  414.   0.00   0.00    0.0   2.7   0.5   0.0   0.6   2.2      -0.054
12. 7.2001  412.   0.55   0.00    1.5   2.5   0.5   0.0   0.5   1.6      -0.117
13. 7.2001  414.   1.99   0.00    5.9   3.8   0.5   0.0   0.5   1.4       0.147

 date      store  inter   snow   rain    et drain   lat    ep    tp  mbal error
           ------------------------- mm ----------------------------------------
14. 7.2001  417.   1.27   0.00    5.6   1.8   0.5   0.0   0.2   0.4       0.051
15. 7.2001  419.   1.38   0.00    4.2   2.0   0.6   0.0   0.2   0.5       0.134
16. 7.2001  418.   0.35   0.00    1.0   1.1   0.6   0.0   0.1   0.7      -0.072
17. 7.2001  417.   0.68   0.00    1.9   2.5   0.6   0.0   0.3   1.5      -0.092
18. 7.2001  415.   0.31   0.00    0.9   2.4   0.5   0.0   0.4   1.7      -0.123
19. 7.2001  414.   0.48   0.00    1.3   1.7   0.5   0.0   0.3   1.0      -0.086
20. 7.2001  416.   1.48   0.00    5.1   2.4   0.5   0.0   0.3   0.7       0.130
21. 7.2001  413.   0.09   0.00    0.2   3.2   0.5   0.0   0.4   2.7      -0.059
22. 7.2001  409.   0.00   0.00    0.0   3.1   0.4   0.0   0.3   2.8      -0.075
23. 7.2001  405.   0.00   0.00    0.0   3.9   0.4   0.0   0.4   3.5      -0.001
24. 7.2001  401.   0.00   0.00    0.0   3.8   0.3   0.0   0.4   3.4      -0.006
25. 7.2001  397.   0.00   0.00    0.0   4.2   0.3   0.0   0.4   3.8       0.024
26. 7.2001  392.   0.00   0.00    0.0   4.6   0.2   0.0   0.4   4.2      -0.006
27. 7.2001  386.   0.00   0.00    0.0   5.1   0.2   0.0   0.5   4.7       0.063
28. 7.2001  382.   0.00   0.00    0.0   4.6   0.2   0.0   0.5   4.1       0.022
29. 7.2001  377.   0.00   0.00    0.0   4.3   0.1   0.0   0.5   3.9       0.031
30. 7.2001  373.   0.00   0.00    0.0   4.4   0.1   0.0   0.6   3.9       0.051
31. 7.2001  369.   0.04   0.00    0.1   4.1   0.1   0.0   0.7   3.5       0.032
 1. 8.2001  366.   0.04   0.00    0.1   2.8   0.1   0.0   0.4   2.5       0.017
 2. 8.2001  361.   0.00   0.00    0.0   4.1   0.1   0.0   0.9   3.5       0.018

 date      store  inter   snow   rain    et drain   lat    ep    tp  mbal error
           ------------------------- mm ----------------------------------------
 3. 8.2001  367.   1.77   0.00    8.5   3.2   0.1   0.0   0.4   1.1       0.006
 4. 8.2001  368.   1.41   0.00    3.9   2.1   0.1   0.0   0.2   0.6       0.026
 5. 8.2001  372.   1.42   0.00    5.7   2.2   0.1   0.0   0.2   0.6      -0.009
 6. 8.2001  386.   0.79   0.00   15.6   1.1   0.1   0.0   0.1   0.2       0.006
 7. 8.2001  393.   1.63   0.00    9.2   1.9   0.2   0.0   0.2   0.2      -0.001
 8. 8.2001  394.   1.11   0.00    3.1   2.2   0.2   0.0   0.3   0.8       0.049
 9. 8.2001  401.   1.39   0.00    9.6   2.2   0.2   0.0   0.2   0.6      -0.041
10. 8.2001  402.   1.01   0.00    2.8   1.7   0.3   0.0   0.2   0.6       0.043
11. 8.2001  400.   0.00   0.00    0.0   1.8   0.3   0.0   0.3   1.5      -0.075
12. 8.2001  400.   1.01   0.00    2.8   2.7   0.3   0.0   0.4   1.4      -0.040
13. 8.2001  399.   0.06   0.00    0.2   0.6   0.3   0.0   0.2   0.4      -0.050
14. 8.2001  395.   0.03   0.00    0.1   3.7   0.3   0.0   0.4   3.3       0.004
15. 8.2001  392.   0.81   0.00    2.2   5.1   0.2   0.0   0.5   3.8       0.013
16. 8.2001  389.   0.19   0.00    0.5   3.6   0.2   0.0   0.5   2.9      -0.014
17. 8.2001  385.   0.00   0.00    0.0   3.3   0.2   0.0   0.3   2.9       0.009
18. 8.2001  382.   0.00   0.00    0.0   3.1   0.2   0.0   0.6   2.6       0.017
19. 8.2001  380.   0.39   0.00    1.1   2.9   0.1   0.0   0.5   2.1      -0.035
20. 8.2001  380.   0.44   0.00    1.2   1.7   0.1   0.0   0.2   1.1      -0.053
21. 8.2001  378.   0.04   0.00    0.1   2.0   0.1   0.0   0.2   1.7      -0.044
22. 8.2001  374.   0.00   0.00    0.0   3.0   0.1   0.0   0.4   2.6       0.020

 date      store  inter   snow   rain    et drain   lat    ep    tp  mbal error
           ------------------------- mm ----------------------------------------
23. 8.2001  371.   0.00   0.00    0.0   3.6   0.1   0.0   0.5   3.2       0.005
24. 8.2001  367.   0.00   0.00    0.0   3.2   0.1   0.0   0.3   3.0      -0.002
25. 8.2001  375.   1.92   0.00   12.1   4.3   0.1   0.0   0.3   2.1       0.004
26. 8.2001  372.   0.24   0.00    0.7   3.7   0.1   0.0   0.4   3.1       0.023
27. 8.2001  375.   1.41   0.00    5.3   2.1   0.1   0.0   0.2   0.5      -0.024
28. 8.2001  373.   0.04   0.00    0.1   1.8   0.1   0.0   0.3   1.5      -0.032
29. 8.2001  371.   0.00   0.00    0.0   2.2   0.1   0.0   0.3   1.9       0.004
30. 8.2001  370.   0.99   0.00    2.8   3.6   0.1   0.0   0.5   2.2      -0.040
31. 8.2001  368.   0.00   0.00    0.0   1.9   0.1   0.0   0.3   1.7      -0.012
 1. 9.2001  367.   0.00   0.00    0.0   1.1   0.1   0.0   0.2   0.9      -0.028
 2. 9.2001  368.   1.07   0.00    3.0   1.8   0.1   0.0   0.2   0.6       0.034
 3. 9.2001  382.   0.35   0.00   14.9   0.5   0.1   0.0   0.1   0.1       0.002
 4. 9.2001  404.   1.11   0.00   23.5   1.2   0.2   0.0   0.1   0.0      -0.006
 5. 9.2001  414.   1.45   0.00   11.4   1.6   0.4   0.0   0.1   0.1      -0.033
 6. 9.2001  414.   0.82   0.00    1.8   1.0   0.5   0.0   0.1   0.1       0.099
 7. 9.2001  441.   0.14   0.00   29.3   0.2   0.9   0.0   0.0   0.0       0.010
 8. 9.2001  445.   1.98   0.00    7.0   2.1   2.0   0.0   0.2   0.0       0.160
 9. 9.2001  459.   0.72   0.00   18.7   0.8   3.8   0.0   0.1   0.0       0.144
10. 9.2001  461.   0.39   0.00   10.8   0.4   7.4   0.0   0.0   0.0       0.164
11. 9.2001  460.   1.02   0.00    8.2   1.1   8.1   0.0   0.1   0.0      -0.085

 date      store  inter   snow   rain    et drain   lat    ep    tp  mbal error
           ------------------------- mm ----------------------------------------
12. 9.2001  457.   1.36   0.00    3.7   1.5   6.3   0.0   0.1   0.0      -0.211
13. 9.2001  461.   1.10   0.00   12.7   1.2   6.8   0.0   0.1   0.1       0.207
14. 9.2001  458.   0.89   0.00    5.4   1.0   7.2   0.0   0.1   0.0      -0.182
15. 9.2001  459.   0.77   0.00    7.3   0.8   6.3   0.0   0.1   0.0       0.049
16. 9.2001  458.   0.83   0.00    6.3   0.9   6.1   0.0   0.1   0.0      -0.080
17. 9.2001  453.   0.59   0.00    0.1   1.0   4.8   0.0   0.1   0.3      -0.220
18. 9.2001  449.   0.00   0.00    0.0   1.2   3.3   0.0   0.2   1.0      -0.188
19. 9.2001  457.   1.43   0.00   14.0   2.0   3.9   0.0   0.3   0.4       0.194
20. 9.2001  466.   0.11   0.00   22.3   0.1  12.1   0.0   0.0   0.0       0.292
21. 9.2001  465.   0.16   0.00   18.0   0.2  18.3   0.0   0.0   0.0      -0.094
22. 9.2001  464.   0.37   0.00   12.4   0.4  14.0   0.0   0.0   0.0      -0.161
23. 9.2001  456.   0.78   0.00    0.1   1.1   7.5   0.0   0.1   0.3      -0.271
24. 9.2001  452.   0.04   0.00    0.1   0.8   4.2   0.0   0.2   0.7      -0.203
25. 9.2001  448.   0.08   0.00    0.2   0.8   3.0   0.0   0.1   0.7      -0.177
26. 9.2001  451.   1.13   0.00    7.7   1.7   3.0   0.0   0.1   0.5       0.145
27. 9.2001  459.   0.41   0.00   14.0   0.5   4.7   0.0   0.1   0.0       0.208
28. 9.2001  454.   0.58   0.00    0.0   0.6   5.2   0.0   0.1   0.0      -0.229
29. 9.2001  454.   1.39   0.00    6.5   1.9   4.2   0.0   0.2   0.4       0.078
30. 9.2001  452.   0.40   0.00    2.0   0.5   3.9   0.0   0.1   0.1      -0.166
 1.10.2001  455.   0.88   0.00    9.0   0.9   4.1   0.0   0.1   0.0       0.186

 date      store  inter   snow   rain    et drain   lat    ep    tp  mbal error
           ------------------------- mm ----------------------------------------
 2.10.2001  455.   1.79   0.00    5.4   2.0   4.6   0.0   0.2   0.1      -0.081
 3.10.2001  455.   0.25   0.00    5.2   0.3   4.4   0.0   0.0   0.1      -0.073
 4.10.2001  450.   0.72   0.00    0.0   1.4   3.7   0.0   0.2   0.6      -0.194
 5.10.2001  447.   0.00   0.00    0.0   0.6   2.8   0.0   0.1   0.5      -0.171
 6.10.2001  444.   0.08   0.00    0.2   0.8   2.3   0.0   0.1   0.6      -0.161
 7.10.2001  442.   0.04   0.00    0.1   0.2   2.0   0.0   0.1   0.2      -0.124
 8.10.2001  442.   0.62   0.00    1.8   0.8   1.8   0.0   0.1   0.1      -0.098
 9.10.2001  440.   0.00   0.00    0.0   0.5   1.7   0.0   0.2   0.4      -0.137
10.10.2001  437.   0.00   0.00    0.0   1.0   1.5   0.0   0.3   0.7      -0.135
11.10.2001  436.   0.00   0.00    0.0   0.3   1.4   0.0   0.1   0.1      -0.098
12.10.2001  433.   0.00   0.00    0.0   1.2   1.2   0.0   0.2   1.0      -0.132
13.10.2001  431.   0.00   0.00    0.0   1.3   1.1   0.0   0.2   1.1      -0.138
14.10.2001  429.   0.00   0.00    0.0   1.6   1.0   0.0   0.3   1.3      -0.150
15.10.2001  427.   0.00   0.00    0.0   0.7   0.9   0.0   0.2   0.5      -0.140
16.10.2001  426.   0.00   0.00    0.0   0.6   0.8   0.0   0.2   0.5      -0.127
17.10.2001  425.   0.00   0.00    0.0   0.5   0.8   0.0   0.2   0.4      -0.107
18.10.2001  424.   0.00   0.00    0.0   0.4   0.8   0.0   0.1   0.3      -0.105
19.10.2001  422.   0.00   0.00    0.0   0.7   0.7   0.0   0.2   0.5      -0.142
20.10.2001  421.   0.00   0.00    0.0   0.8   0.7   0.0   0.3   0.5      -0.134
21.10.2001  420.   0.00   0.00    0.0   0.3   0.6   0.0   0.1   0.2      -0.071

 date      store  inter   snow   rain    et drain   lat    ep    tp  mbal error
           ------------------------- mm ----------------------------------------
22.10.2001  419.   0.00   0.00    0.0   0.3   0.6   0.0   0.1   0.2      -0.072
23.10.2001  421.   0.78   0.00    3.2   1.0   0.6   0.0   0.1   0.1       0.121
24.10.2001  426.   0.29   0.00    7.2   0.3   0.7   0.0   0.0   0.0       0.038
25.10.2001  429.   0.23   0.00    3.5   0.2   0.9   0.0   0.0   0.0       0.146
26.10.2001  428.   0.38   0.00    0.0   0.4   0.9   0.0   0.0   0.0      -0.099
27.10.2001  434.   0.13   0.00    7.9   0.1   1.0   0.0   0.0   0.0       0.062
28.10.2001  433.   0.09   0.00    0.0   0.1   1.2   0.0   0.0   0.0      -0.088
29.10.2001  432.   0.52   0.00    0.2   0.6   1.1   0.0   0.1   0.0      -0.084
30.10.2001  430.   0.02   0.00    0.1   1.0   1.0   0.0   0.6   0.6      -0.133
31.10.2001  431.   0.53   0.00    2.3   0.9   1.0   0.0   0.2   0.1       0.074
 1.11.2001  432.   0.30   0.00    2.8   0.4   1.0   0.0   0.1   0.0       0.089
 2.11.2001  431.   0.32   0.00    0.0   0.4   1.0   0.0   0.1   0.0      -0.091
 3.11.2001  430.   0.00   0.00    0.0   0.2   1.0   0.0   0.1   0.1      -0.105
 4.11.2001  429.   0.16   0.00    0.8   0.3   0.9   0.0   0.1   0.1      -0.079
 5.11.2001  428.   0.00   0.00    0.0   0.3   0.9   0.0   0.2   0.2      -0.110
 6.11.2001  435.   0.45   0.00    9.2   0.5   1.1   0.0   0.1   0.0       0.059
 7.11.2001  449.   0.03   0.00   15.9   0.0   1.9   0.0   0.0   0.0       0.038
 8.11.2001  457.   0.33   0.00   12.1   0.3   3.9   0.0   0.0   0.0       0.191
 9.11.2001  453.   0.40   0.00    0.1   0.4   4.4   0.0   0.1   0.0      -0.207
10.11.2001  449.   0.00   0.00    0.0   0.1   3.3   0.0   0.1   0.0      -0.179

 date      store  inter   snow   rain    et drain   lat    ep    tp  mbal error
           ------------------------- mm ----------------------------------------
11.11.2001  448.   0.48   1.44    3.4   0.5   2.8   0.0   0.1   0.0      -0.123
12.11.2001  458.   0.04   0.00   12.7  -0.1   4.0   0.0   0.0   0.0       0.192
13.11.2001  454.   0.48   0.00    0.6   0.5   4.8   0.0   0.1   0.0      -0.211
14.11.2001  450.   0.01   0.00    0.1   0.0   3.6   0.0   0.1   0.0      -0.181
15.11.2001  448.   0.02   0.00    0.2   0.0   2.9   0.0   0.1   0.0      -0.150
16.11.2001  446.   0.05   0.00    0.4   0.1   2.5   0.0   0.0   0.0      -0.127
17.11.2001  444.   0.05   0.00    0.8   0.1   2.2   0.0   0.0   0.0      -0.123
18.11.2001  443.   0.11   0.00    0.3   0.2   2.0   0.0   0.0   0.0      -0.125
19.11.2001  442.  -0.06   0.00    1.7  -0.1   1.9   0.0   0.0   0.0      -0.057
20.11.2001  441.   0.04   0.00    0.8   0.0   1.8   0.0   0.0   0.0      -0.110
21.11.2001  446.   0.55   0.00    7.4   0.6   2.0   0.0   0.1   0.0       0.166
22.11.2001  453.   0.13   0.00   10.5   0.1   3.0   0.0   0.1   0.0       0.186
23.11.2001  451.  -0.06   1.04    2.3  -0.1   3.5   0.0  -0.1   0.0      -0.153
24.11.2001  453.  -0.08   0.00    4.5  -0.2   3.5   0.0  -0.1   0.0       0.144
25.11.2001  457.   0.03   0.00    9.4   0.0   4.6   0.0   0.0   0.0       0.205
26.11.2001  455.   0.03   0.00    2.5   0.0   5.0   0.0   0.0   0.0      -0.163
27.11.2001  456.  -0.04   0.00    5.1  -0.1   4.6   0.0  -0.1   0.0       0.079
28.11.2001  455.  -0.01   0.00    3.3  -0.1   4.5   0.0  -0.1   0.0      -0.102
29.11.2001  458.  -0.05   0.00    9.3  -0.1   5.3   0.0  -0.1   0.0       0.201
30.11.2001  456.  -0.06   0.00    3.0  -0.1   5.6   0.0  -0.1   0.0      -0.162

 date      store  inter   snow   rain    et drain   lat    ep    tp  mbal error
           ------------------------- mm ----------------------------------------
 1.12.2001  458.  -0.05   0.00    7.7  -0.1   5.6   0.0  -0.1   0.0       0.150
 2.12.2001  454.  -0.02   0.00    0.1  -0.1   4.9   0.0  -0.1   0.0      -0.223
 3.12.2001  451.  -0.02   0.00    0.4  -0.1   3.6   0.0  -0.1   0.0      -0.165
 4.12.2001  455.   0.06   0.00    8.6  -0.1   3.9   0.0   0.0   0.0       0.196
 5.12.2001  461.   0.07   0.00   12.8   0.0   6.6   0.0   0.0   0.0       0.229
 6.12.2001  457.   0.02   0.00    2.4   0.0   6.8   0.0   0.0   0.0      -0.217
 7.12.2001  453.   0.06   0.00    0.0   0.0   4.6   0.0  -0.1   0.0      -0.213
 8.12.2001  450.   0.02   0.00    0.0   0.0   3.4   0.0   0.0   0.0      -0.177
 9.12.2001  447.   0.12   0.00    0.0   0.1   2.8   0.0   0.0   0.0      -0.151
10.12.2001  445.   0.22   0.00    0.2   0.2   2.4   0.0   0.0   0.0      -0.121
11.12.2001  444.   0.01   0.00    0.4   0.0   2.1   0.0   0.0   0.0      -0.116
12.12.2001  444.  -0.04   0.00    2.1   0.0   2.0   0.0  -0.1   0.0      -0.006
13.12.2001  442.   0.20   0.00    0.1   0.2   1.9   0.0   0.1   0.0      -0.120
14.12.2001  440.   0.00   0.00    0.1   0.0   1.7   0.0   0.1   0.0      -0.119
15.12.2001  439.  -0.03   0.05    0.4   0.0   1.6   0.0  -0.2   0.0      -0.101
16.12.2001  438.  -0.04   1.46    1.8  -0.1   1.5   0.0  -0.1   0.0      -0.106
17.12.2001  437.  -0.23   2.24    1.2  -0.2   1.4   0.0  -0.3   0.0      -0.101
18.12.2001  436.  -0.21   4.43    2.8  -0.2   1.4   0.0  -0.3   0.0      -0.092
19.12.2001  443.  -0.18   3.54    7.7  -0.2   1.6   0.0  -0.3   0.0       0.117
20.12.2001  442.   0.10   7.31    4.4   0.3   1.9   0.0   0.0   0.0      -0.107

 date      store  inter   snow   rain    et drain   lat    ep    tp  mbal error
           ------------------------- mm ----------------------------------------
21.12.2001  441.  -0.16  26.27   19.5   0.1   1.8   0.0  -0.2   0.0      -0.102
22.12.2001  439.  -0.22  37.16   11.2  -0.1   1.6   0.0  -0.3   0.0      -0.098
23.12.2001  438.  -0.10  37.36    0.4  -0.1   1.5   0.0  -0.1   0.0      -0.105
24.12.2001  437.  -0.13  54.21   16.9  -0.3   1.5   0.0  -0.1   0.0      -0.102
25.12.2001  439.  -0.18  61.40    9.7  -0.6   1.5   0.0  -0.3   0.0       0.106
26.12.2001  438.  -0.18  62.46    1.3  -0.1   1.5   0.0  -0.3   0.0      -0.102
27.12.2001  437.   0.04  81.18   19.3   0.2   1.4   0.0   0.0   0.0      -0.098
28.12.2001  438.   0.09  83.78    5.4   0.1   1.4   0.0  -0.2   0.0       0.096
29.12.2001  439.   0.19  94.31   13.3   0.3   1.5   0.0   0.0   0.0       0.104
30.12.2001  438.  -0.21  97.46    3.6   0.0   1.5   0.0  -0.3   0.0      -0.104
31.12.2001  437.  -0.19  98.74    1.6   0.0   1.4   0.0  -0.3   0.0      -0.099
 1. 1.2002  436.   0.15  98.65    0.3   0.2   1.4   0.0  -0.2   0.0      -0.091
 2. 1.2002  435.   0.04  99.88    1.7   0.1   1.3   0.0  -0.2   0.0      -0.088
 3. 1.2002  434.   0.19  99.52    0.0   0.2   1.2   0.0   0.0   0.0      -0.087
 4. 1.2002  434.   0.39  99.13    0.0   0.4   1.2   0.0   0.0   0.0      -0.086
 5. 1.2002  433.   0.07  98.74    0.0   0.1   1.2   0.0   0.2   0.0      -0.097
 6. 1.2002  432.   0.09 100.70    2.3   0.0   1.1   0.0  -0.2   0.0      -0.093
 7. 1.2002  432.  -0.05 101.32    1.0  -0.1   1.1   0.0  -0.3   0.0      -0.097
 8. 1.2002  431.   0.10 100.92    0.0   0.1   1.0   0.0  -0.1   0.0      -0.095
 9. 1.2002  430.   0.00 100.57    0.0   0.0   1.0   0.0   0.0   0.0      -0.102

 date      store  inter   snow   rain    et drain   lat    ep    tp  mbal error
           ------------------------- mm ----------------------------------------
10. 1.2002  430.   0.00 100.21    0.0   0.0   1.0   0.0   0.0   0.0      -0.104
11. 1.2002  429.   0.05 100.96    1.2   0.1   1.0   0.0   0.0   0.0      -0.099
12. 1.2002  429.  -0.02 104.52    4.0  -0.1   0.9   0.0  -0.3   0.0      -0.098
13. 1.2002  428.  -0.03 104.15    0.0   0.0   0.9   0.0  -0.3   0.0      -0.099
14. 1.2002  428.   0.05 103.79    0.0   0.1   0.9   0.0  -0.1   0.0      -0.096
15. 1.2002  428.   0.05 103.43    0.0   0.1   0.9   0.0  -0.1   0.0      -0.088
16. 1.2002  427.  -0.02 103.81    0.8   0.0   0.9   0.0  -0.2   0.0      -0.086
17. 1.2002  427.   0.07 103.68    0.2   0.1   0.8   0.0  -0.1   0.0      -0.086
18. 1.2002  426.  -0.06 104.58    1.3  -0.1   0.8   0.0  -0.3   0.0      -0.089
19. 1.2002  426.   0.00 110.96    6.9   0.0   0.8   0.0  -0.2   0.0      -0.091
20. 1.2002  437.  -0.08 107.67    8.7  -0.3   1.0   0.0  -0.2   0.0       0.015
21. 1.2002  449.  -0.04  96.80    2.5  -0.6   2.0   0.0  -0.1   0.0       0.086
22. 1.2002  456.   0.19  90.21    3.8   0.0   3.7   0.0   0.0   0.0       0.190
23. 1.2002  459.   0.43  84.45    2.9   0.3   5.6   0.0   0.2   0.0       0.184
24. 1.2002  461.   0.17  76.03    1.9  -0.1   7.6   0.0   0.5   0.0       0.180
25. 1.2002  459.   0.20  74.58    3.3   0.3   7.3   0.0   0.3   0.0      -0.176
26. 1.2002  468.   0.29  64.60   33.9   0.0  35.0   0.0   0.5   0.0       0.152
27. 1.2002  466.   0.23  53.31    6.7  -0.2  20.3   0.0   0.2   0.0      -0.172
28. 1.2002  466.   0.37  39.07    7.8  -0.3  21.5   0.0   0.8   0.0       0.148
29. 1.2002  464.   0.04  26.62    0.7  -0.1  15.4   0.0   1.2   0.0      -0.185

 date      store  inter   snow   rain    et drain   lat    ep    tp  mbal error
           ------------------------- mm ----------------------------------------
30. 1.2002  465.   0.02  10.80    0.3  -0.4  15.5   0.0   0.3   0.0       0.144
31. 1.2002  462.   0.01   1.87    0.2  -0.1  12.0   0.0   0.7   0.0      -0.194
 1. 2.2002  458.   0.02   0.00    0.3   0.0   7.3   0.0   0.5   0.0      -0.237
 2. 2.2002  453.   0.00   0.00    0.0   0.5   4.6   0.0   0.9   0.0      -0.214
 3. 2.2002  449.   0.01   0.00    0.1   0.7   3.3   0.0   1.2   0.0      -0.187
 4. 2.2002  448.   0.14   0.00    2.4   1.0   2.7   0.0   1.5   0.0      -0.123
 5. 2.2002  448.   0.21   0.00    3.4   0.4   2.7   0.0   0.3   0.0       0.065
 6. 2.2002  447.   0.10   0.00    1.7   0.4   2.6   0.0   0.5   0.0      -0.119
 7. 2.2002  445.   0.05   0.00    0.9   0.2   2.4   0.0   0.2   0.0      -0.114
 8. 2.2002  446.   0.21   0.00    3.5   0.3   2.3   0.0   0.3   0.0       0.083
 9. 2.2002  456.   0.09   0.00   13.9   0.1   3.5   0.0   0.1   0.0       0.165
10. 2.2002  460.   0.22   0.00   10.3   0.2   6.2   0.0   0.1   0.0       0.193
11. 2.2002  465.   0.20   0.00   17.4   0.2  12.0   0.0   0.2   0.0       0.258
12. 2.2002  465.   0.50   0.00   17.3   1.0  16.1   0.0   1.2   0.0       0.074
13. 2.2002  458.   0.07   0.00    1.1   0.2   8.6   0.0   0.2   0.0      -0.271
14. 2.2002  453.   0.00   0.00    0.0   0.2   4.7   0.0   0.4   0.0      -0.217
15. 2.2002  450.   0.00   0.00    0.0   0.4   3.4   0.0   0.7   0.0      -0.191
16. 2.2002  447.   0.00   0.00    0.0   0.4   2.7   0.0   0.7   0.0      -0.165
17. 2.2002  444.   0.00   0.00    0.0   0.4   2.3   0.0   0.5   0.0      -0.149
18. 2.2002  443.   0.03   0.00    0.6   0.0   2.0   0.0   0.2   0.0      -0.107

 date      store  inter   snow   rain    et drain   lat    ep    tp  mbal error
           ------------------------- mm ----------------------------------------
19. 2.2002  453.   0.07   0.00   13.5   0.0   2.7   0.0   0.0   0.0       0.142
20. 2.2002  466.   0.26   0.00   22.3   0.3   9.5   0.0   0.2   0.0       0.270
21. 2.2002  457.   0.03   0.00    0.0   0.3   8.6   0.0   0.5   0.0      -0.285
22. 2.2002  456.   0.36   7.42   11.8   0.4   5.1   0.0   0.2   0.0      -0.106
23. 2.2002  453.   0.22   7.93    1.9   0.3   4.3   0.0   0.2   0.0      -0.177
24. 2.2002  450.   0.01   7.78    0.3   0.1   3.4   0.0   0.0   0.0      -0.161
25. 2.2002  467.   0.05  13.50   49.4   0.0  25.6   0.0   0.0   0.0       0.129
26. 2.2002  467.   0.74   0.44   15.3   0.3  29.3   0.0   0.6   0.0      -0.053
27. 2.2002  458.   0.03   0.00    0.4   0.5   9.8   0.0   0.9   0.0      -0.303
